<?xml version="1.0" encoding="UTF-8"?>
<!-- Generated by org.testng.reporters.JUnitXMLReporter -->
<testsuite ignored="0" hostname="DESKTOP-MAPTLPV" failures="0" tests="6" name="Default test" time="92.598" errors="0" timestamp="27 dez 2018 21:16:10 GMT">
  <testcase classname="br.dsarath.TransamericaTest.Tests.TC001_Login_Success" name="LoginSuccess" time="6.894"/>
  <testcase classname="br.dsarath.TransamericaTest.Tests.TC003_Invoice_Validation" name="Invoice_Validation" time="8.707"/>
  <testcase classname="br.dsarath.TransamericaTest.Tests.TC002_Login_Fail" name="LoginFail1" time="10.789"/>
  <testcase classname="br.dsarath.TransamericaTest.Tests.TC002_Login_Fail" name="LoginFail2" time="3.732"/>
  <testcase classname="br.dsarath.TransamericaTest.Tests.TC002_Login_Fail" name="LoginFail3" time="8.724"/>
  <testcase classname="br.dsarath.TransamericaTest.Tests.TC002_Login_Fail" name="LoginFail4" time="9.731"/>
</testsuite> <!-- Default test -->
