<?xml version="1.0" encoding="UTF-8"?>
<testng-results ignored="0" total="6" passed="6" failed="0" skipped="0">
  <reporter-output>
  </reporter-output>
  <suite started-at="2018-12-27T21:14:38Z" name="Default suite" finished-at="2018-12-27T21:16:10Z" duration-ms="92598">
    <groups>
    </groups>
    <test started-at="2018-12-27T21:14:38Z" name="Default test" finished-at="2018-12-27T21:16:10Z" duration-ms="92598">
      <class name="br.dsarath.TransamericaTest.Tests.TC001_Login_Success">
        <test-method is-config="true" signature="setUp()[pri:0, instance:br.dsarath.TransamericaTest.Tests.TC001_Login_Success@776b83cc]" started-at="2018-12-27T21:14:38Z" name="setUp" finished-at="2018-12-27T21:14:52Z" duration-ms="14230" status="PASS">
          <reporter-output>
          </reporter-output>
        </test-method> <!-- setUp -->
        <test-method is-config="true" signature="setUp()[pri:0, instance:br.dsarath.TransamericaTest.Tests.TC002_Login_Fail@37858383]" started-at="2018-12-27T21:14:52Z" name="setUp" finished-at="2018-12-27T21:15:06Z" duration-ms="14464" status="PASS">
          <reporter-output>
          </reporter-output>
        </test-method> <!-- setUp -->
        <test-method is-config="true" signature="setUp()[pri:0, instance:br.dsarath.TransamericaTest.Tests.TC003_Invoice_Validation@4e268090]" started-at="2018-12-27T21:15:06Z" name="setUp" finished-at="2018-12-27T21:15:20Z" duration-ms="13356" status="PASS">
          <reporter-output>
          </reporter-output>
        </test-method> <!-- setUp -->
        <test-method signature="LoginSuccess()[pri:0, instance:br.dsarath.TransamericaTest.Tests.TC001_Login_Success@776b83cc]" started-at="2018-12-27T21:15:20Z" name="LoginSuccess" finished-at="2018-12-27T21:15:27Z" duration-ms="6894" status="PASS">
          <reporter-output>
          </reporter-output>
        </test-method> <!-- LoginSuccess -->
        <test-method is-config="true" signature="tearDown()[pri:0, instance:br.dsarath.TransamericaTest.Tests.TC001_Login_Success@776b83cc]" started-at="2018-12-27T21:16:08Z" name="tearDown" finished-at="2018-12-27T21:16:09Z" duration-ms="619" status="PASS">
          <reporter-output>
          </reporter-output>
        </test-method> <!-- tearDown -->
        <test-method is-config="true" signature="tearDown()[pri:0, instance:br.dsarath.TransamericaTest.Tests.TC002_Login_Fail@37858383]" started-at="2018-12-27T21:16:09Z" name="tearDown" finished-at="2018-12-27T21:16:09Z" duration-ms="646" status="PASS">
          <reporter-output>
          </reporter-output>
        </test-method> <!-- tearDown -->
        <test-method is-config="true" signature="tearDown()[pri:0, instance:br.dsarath.TransamericaTest.Tests.TC003_Invoice_Validation@4e268090]" started-at="2018-12-27T21:16:09Z" name="tearDown" finished-at="2018-12-27T21:16:10Z" duration-ms="666" status="PASS">
          <reporter-output>
          </reporter-output>
        </test-method> <!-- tearDown -->
      </class> <!-- br.dsarath.TransamericaTest.Tests.TC001_Login_Success -->
      <class name="br.dsarath.TransamericaTest.Tests.TC002_Login_Fail">
        <test-method signature="LoginFail1()[pri:0, instance:br.dsarath.TransamericaTest.Tests.TC002_Login_Fail@37858383]" started-at="2018-12-27T21:15:35Z" name="LoginFail1" finished-at="2018-12-27T21:15:46Z" duration-ms="10789" status="PASS">
          <reporter-output>
          </reporter-output>
        </test-method> <!-- LoginFail1 -->
        <test-method signature="LoginFail2()[pri:0, instance:br.dsarath.TransamericaTest.Tests.TC002_Login_Fail@37858383]" started-at="2018-12-27T21:15:46Z" name="LoginFail2" finished-at="2018-12-27T21:15:50Z" duration-ms="3732" status="PASS">
          <reporter-output>
          </reporter-output>
        </test-method> <!-- LoginFail2 -->
        <test-method signature="LoginFail3()[pri:0, instance:br.dsarath.TransamericaTest.Tests.TC002_Login_Fail@37858383]" started-at="2018-12-27T21:15:50Z" name="LoginFail3" finished-at="2018-12-27T21:15:58Z" duration-ms="8724" status="PASS">
          <reporter-output>
          </reporter-output>
        </test-method> <!-- LoginFail3 -->
        <test-method signature="LoginFail4()[pri:0, instance:br.dsarath.TransamericaTest.Tests.TC002_Login_Fail@37858383]" started-at="2018-12-27T21:15:58Z" name="LoginFail4" finished-at="2018-12-27T21:16:08Z" duration-ms="9731" status="PASS">
          <reporter-output>
          </reporter-output>
        </test-method> <!-- LoginFail4 -->
      </class> <!-- br.dsarath.TransamericaTest.Tests.TC002_Login_Fail -->
      <class name="br.dsarath.TransamericaTest.Tests.TC003_Invoice_Validation">
        <test-method signature="Invoice_Validation()[pri:0, instance:br.dsarath.TransamericaTest.Tests.TC003_Invoice_Validation@4e268090]" started-at="2018-12-27T21:15:27Z" name="Invoice_Validation" finished-at="2018-12-27T21:15:35Z" duration-ms="8707" status="PASS">
          <reporter-output>
          </reporter-output>
        </test-method> <!-- Invoice_Validation -->
      </class> <!-- br.dsarath.TransamericaTest.Tests.TC003_Invoice_Validation -->
    </test> <!-- Default test -->
  </suite> <!-- Default suite -->
</testng-results>
